topology file: htsim/sim/datacenter/topologies/leaf_spine_128_1to1.topo
traffic matrix file: htsim/sim/datacenter/connection_matrices/incast_2to1_size4194304B.cm
queue size 100 packets
end_time 5000 us
random seed 13
DCQCN ratio 0.5
TCP Cubic initial cwnd 10 packets
TCP Cubic HyStart enabled
TCP Cubic fast convergence enabled
ECN enabled
TCP Cubic ECN response enabled
CSV output: htsim/sim/datacenter/results/review_ecn_short/dcqcn_4mb_end5ms_tcpEcn1.csv
Logging to htsim/sim/datacenter/results/review_ecn_short/dcqcn_4mb_end5ms_tcpEcn1.dat
RoceSinkLoggerSampling(p=0.00025 init 
Loading connection matrix from htsim/sim/datacenter/connection_matrices/incast_2to1_size4194304B.cm
Nodes: 128 Connections: 2 Triggers: 0 Failures: 0
Using 128 nodes
Topology load done
Fat Tree topology (0) with 1us Src-ToR links, 1us ToR-Agg links, 0us ToR switch latency, 0us Agg switch latency for 4us diameter latency.
no_of_tor_uplinks: 128
No of nodes: 128
No of pods: 1
Hosts per pod: 128
Hosts per pod: 128
ToR switches per pod: 8
Agg switches per pod: 16
No of core switches: 0
FatTreeCfg constructor done.
Tier 0 QueueSize Down 150000 bytes
Tier 0 QueueSize Up 150000 bytes
Tier 1 QueueSize Down 150000 bytes
Tier 1 QueueSize Up 150000 bytes
Tier 2 QueueSize Down 150000 bytes
ECN thresholds: low=37500 bytes, high=145500 bytes
FatTreeTopologyCfg NCORE=0 NAGG=16 NTOR=8 NSRV=128 NPOD=1 tor_switches_per_pod=8 agg_switches_per_pod=16 tiers=2 host_per_pod=128 enabled_ecn=1 enable_ecn_on_tor_downlink=1 ecn_low=37500 ecn_high=145500 num_failed_links=0 failed_link_ratio=0.25 no_of_nodes=128 hop_latency=0 switch_latency=0 diameter_latency=4000000 diameter=4 tier=0 link_latency=1000000 switch_latencies=0 bundlesize=1 downlink_speeds=100000000000 oversub=1 radix_down=16 queue_down=150000 radix_up=16 queue_up=150000 tier=1 link_latency=1000000 switch_latencies=0 bundlesize=1 downlink_speeds=100000000000 oversub=1 radix_down=8 queue_down=150000 radix_up=0 queue_up=150000
queue_id 2 ecn_low 37500 ecn_high 145500
actual nodes 128
Creating 1 DCQCN flows and 1 TCP Cubic flows
pathcount 16
Setting flow size to 4195804
Created 1 DCQCN flows and 1 TCP Cubic flows
Both protocols share the SAME network queues - they will compete for bandwidth
Starting simulation
startflow dcqcn_64_0 at 0
Flow tcpsrc finished at 0.535594
Flow dcqcn_64_0 1590 finished at 1365.53 total bytes 2797
Trigger 0 fired, 1 targets
Done at 4999.99 us
CSV results written to htsim/sim/datacenter/results/review_ecn_short/dcqcn_4mb_end5ms_tcpEcn1.csv

========================================
INTER-PROTOCOL FAIRNESS RESULTS
========================================

=== DCQCN Statistics ===
DCQCN flows completed: 1/1
DCQCN total bytes received: 4195500
DCQCN retransmits: 0
DCQCN per-flow throughput (Gbps): mean=24.5795 median=24.5795 p99=24.5795

=== TCP Cubic Statistics ===
TCP Cubic flows completed: 1/1
TCP Cubic total bytes received: 4197001
TCP Cubic retransmits: 2
TCP Cubic per-flow throughput (Gbps): mean=62.6893 median=62.6893 p99=62.6893

=== Competitive Fairness Analysis ===
Mode: PHASE ANALYSIS (at least one flow completed)
Phase 1 (overlap): 0 - 535.594 us (535.594 us)
Phase 2 (solo):    535.594 - 1365.53 us (829.933 us)
Cubic finished first. DCQCN ran solo for 829.933 us
Estimated DCQCN solo bytes (Phase 2): 10374163

Competitive throughput (Phase 1 only):
  DCQCN: 0 bytes, 0 Gbps
  Cubic: 4197001 bytes, 62.6893 Gbps

Competitive bandwidth share:
  DCQCN: 0%
  Cubic: 100%
Competitive JFI: 0.5

=== Raw Bandwidth Share (total bytes, for reference) ===
DCQCN: 49.9911%
Cubic: 50.0089%

=== Jain's Fairness Index (per-flow) ===
Jain's Fairness Index (all flows): 0.839841

=== DCQCN Protocol Details ===
  rocesrc 0 CNPs=5 new_pkts=0 rtx_pkts=0
