topology file: topologies/leaf_spine_128_1to1.topo
traffic matrix file: connection_matrices/incast_2to1_steady.cm
queue size 800 packets
end_time 200000 us
random seed 13
NSCC ratio 0.5
ECN enabled
TCP Cubic ECN response disabled
CSV output: results/review_ecn_nscc_highq/nscc_q800_tcpEcnOff.csv
Logging to logout.dat
Loading connection matrix from connection_matrices/incast_2to1_steady.cm
Nodes: 128 Connections: 2 Triggers: 0 Failures: 0
Using 128 nodes
Topology load done
Fat Tree topology (0) with 1us Src-ToR links, 1us ToR-Agg links, 0us ToR switch latency, 0us Agg switch latency for 4us diameter latency.
no_of_tor_uplinks: 128
No of nodes: 128
No of pods: 1
Hosts per pod: 128
Hosts per pod: 128
ToR switches per pod: 8
Agg switches per pod: 16
No of core switches: 0
FatTreeCfg constructor done.
Tier 0 QueueSize Down 1200000 bytes
Tier 0 QueueSize Up 1200000 bytes
Tier 1 QueueSize Down 1200000 bytes
Tier 1 QueueSize Up 1200000 bytes
Tier 2 QueueSize Down 1200000 bytes
ECN thresholds: low=300000 bytes, high=1164000 bytes
FatTreeTopologyCfg NCORE=0 NAGG=16 NTOR=8 NSRV=128 NPOD=1 tor_switches_per_pod=8 agg_switches_per_pod=16 tiers=2 host_per_pod=128 enabled_ecn=1 enable_ecn_on_tor_downlink=1 ecn_low=300000 ecn_high=1164000 num_failed_links=0 failed_link_ratio=0.25 no_of_nodes=128 hop_latency=0 switch_latency=0 diameter_latency=4000000 diameter=4 tier=0 link_latency=1000000 switch_latencies=0 bundlesize=1 downlink_speeds=100000000000 oversub=1 radix_down=16 queue_down=1200000 radix_up=16 queue_up=1200000 tier=1 link_latency=1000000 switch_latencies=0 bundlesize=1 downlink_speeds=100000000000 oversub=1 radix_down=8 queue_down=1200000 radix_up=0 queue_up=1200000
queue_id 2 ecn_low 300000 ecn_high 1164000
actual nodes 128
Network RTT: 8 us
Initializing static NSCC parameters: _reference_network_linkspeed=100000000000 _reference_network_rtt=12000000 _reference_network_bdp=150000 _target_Qdelay=5000000 _network_linkspeed=100000000000 _network_rtt=8000000 _network_bdp=100000 _qa_gate=2^2 _qa_threshold=2e+07 _scaling_factor_a=0.666667 _scaling_factor_b=0.416667 _alpha=0.000910222 _fi=13653.3 _eta=409.6 _qa_scaling=1 _gamma=0.8 _fi_scale=0.166667 _delay_alpha=0.0125 _adjust_period_threshold=8000000 _adjust_bytes_threshold=33280
Creating 1 NSCC flows and 1 TCP Cubic flows
Initialize per-instance NSCC parameters: flowid 1000000001 _base_rtt=8000000 _base_bdp=100000 _bdp=100000 _min_cwnd=4160 _maxwnd=150000 _cwnd=150000
pathcount 16
Setting flow size to 9223372036854777307
Created 1 NSCC flows and 1 TCP Cubic flows
Both protocols share the SAME network queues - they will compete for bandwidth
Starting simulation
Flow nscc_64_0 flowId 1000000001 uecSrc 0 starting at 0
3823.62 flowid 1000000001 Spurious 923
5092.77 flowid 1000000001 Spurious 973
5386.18 flowid 1000000001 Spurious 981
5497.3 flowid 1000000001 Spurious 986
5686.31 flowid 1000000001 Spurious 990
5892.83 flowid 1000000001 Spurious 995
6009.96 flowid 1000000001 Spurious 1001
6099.36 flowid 1000000001 Spurious 1003
6099.84 flowid 1000000001 Spurious 1004
6100.08 flowid 1000000001 Spurious 1005
6200.77 flowid 1000000001 Spurious 1007
6201.01 flowid 1000000001 Spurious 1008
6202.09 flowid 1000000001 Spurious 1009
6303.02 flowid 1000000001 Spurious 1011
6315.02 flowid 1000000001 Spurious 1012
6728.46 flowid 1000000001 Spurious 1031
6848.84 flowid 1000000001 Spurious 1036
6972.98 flowid 1000000001 Spurious 1044
7176.65 flowid 1000000001 Spurious 1048
7192.99 flowid 1000000001 Spurious 1051
7280.96 flowid 1000000001 Spurious 1052
7627.23 flowid 1000000001 Spurious 1059
7843.76 flowid 1000000001 Spurious 1067
8056.83 flowid 1000000001 Spurious 1073
8202.07 flowid 1000000001 Spurious 1077
8669.37 flowid 1000000001 Spurious 1097
8694.35 flowid 1000000001 Spurious 1100
8902.48 flowid 1000000001 Spurious 1107
9035.7 flowid 1000000001 Spurious 1110
9260.04 flowid 1000000001 Spurious 1116
9534.81 flowid 1000000001 Spurious 1122
9883.99 flowid 1000000001 Spurious 1135
10012.9 flowid 1000000001 Spurious 1139
10215.9 flowid 1000000001 Spurious 1147
10745.7 flowid 1000000001 Spurious 1160
10873.1 flowid 1000000001 Spurious 1164
10877.2 flowid 1000000001 Spurious 1165
11000.7 flowid 1000000001 Spurious 1166
11013.2 flowid 1000000001 Spurious 1167
11128.3 flowid 1000000001 Spurious 1168
11232.7 flowid 1000000001 Spurious 1170
11260.4 flowid 1000000001 Spurious 1171
11483.3 flowid 1000000001 Spurious 1175
11587.6 flowid 1000000001 Spurious 1178
11722 flowid 1000000001 Spurious 1183
11854.8 flowid 1000000001 Spurious 1184
12485.4 flowid 1000000001 Spurious 1205
12806.6 flowid 1000000001 Spurious 1212
13460.8 flowid 1000000001 Spurious 1226
13573.3 flowid 1000000001 Spurious 1231
13598.7 flowid 1000000001 Spurious 1232
13832.2 flowid 1000000001 Spurious 1239
13945.1 flowid 1000000001 Spurious 1244
14045.4 flowid 1000000001 Spurious 1246
14166.6 flowid 1000000001 Spurious 1247
14392.3 flowid 1000000001 Spurious 1252
14496.8 flowid 1000000001 Spurious 1257
14501 flowid 1000000001 Spurious 1259
14617.8 flowid 1000000001 Spurious 1262
14744.5 flowid 1000000001 Spurious 1266
14874 flowid 1000000001 Spurious 1267
14964.9 flowid 1000000001 Spurious 1271
15412.4 flowid 1000000001 Spurious 1281
15524.4 flowid 1000000001 Spurious 1285
15747.2 flowid 1000000001 Spurious 1292
15847.4 flowid 1000000001 Spurious 1293
15865.8 flowid 1000000001 Spurious 1294
16107.8 flowid 1000000001 Spurious 1301
16316.5 flowid 1000000001 Spurious 1307
16746.8 flowid 1000000001 Spurious 1319
17061.8 flowid 1000000001 Spurious 1325
17162.1 flowid 1000000001 Spurious 1327
17316.8 flowid 1000000001 Spurious 1329
17429.6 flowid 1000000001 Spurious 1332
17629.9 flowid 1000000001 Spurious 1338
17842.5 flowid 1000000001 Spurious 1345
17858.1 flowid 1000000001 Spurious 1346
17975.4 flowid 1000000001 Spurious 1350
17979.6 flowid 1000000001 Spurious 1351
18522.3 flowid 1000000001 Spurious 1368
18526.9 flowid 1000000001 Spurious 1364
18542.3 flowid 1000000001 Spurious 1367
18835.8 flowid 1000000001 Spurious 1378
18979.8 flowid 1000000001 Spurious 1385
19268.4 flowid 1000000001 Spurious 1393
19272.4 flowid 1000000001 Spurious 1394
19389.1 flowid 1000000001 Spurious 1395
19513.8 flowid 1000000001 Spurious 1400
19734.6 flowid 1000000001 Spurious 1406
19859.9 flowid 1000000001 Spurious 1411
20073.2 flowid 1000000001 Spurious 1418
20240.6 flowid 1000000001 Spurious 1425
20527.6 flowid 1000000001 Spurious 1436
20666.6 flowid 1000000001 Spurious 1440
20749.4 flowid 1000000001 Spurious 1441
20862.4 flowid 1000000001 Spurious 1443
20983.3 flowid 1000000001 Spurious 1446
20988.4 flowid 1000000001 Spurious 1445
21353 flowid 1000000001 Spurious 1457
21379.5 flowid 1000000001 Spurious 1458
21570.7 flowid 1000000001 Spurious 1461
21570.8 flowid 1000000001 Spurious 1462
21675 flowid 1000000001 Spurious 1463
21679.3 flowid 1000000001 Spurious 1465
21896.2 flowid 1000000001 Spurious 1468
22023.2 flowid 1000000001 Spurious 1471
22217.5 flowid 1000000001 Spurious 1476
22756.1 flowid 1000000001 Spurious 1490
22860.4 flowid 1000000001 Spurious 1494
22868.9 flowid 1000000001 Spurious 1493
22981.6 flowid 1000000001 Spurious 1497
23096.1 flowid 1000000001 Spurious 1500
23200.4 flowid 1000000001 Spurious 1503
23200.6 flowid 1000000001 Spurious 1504
23304.7 flowid 1000000001 Spurious 1508
23654.8 flowid 1000000001 Spurious 1515
23828.9 flowid 1000000001 Spurious 1520
23909.6 flowid 1000000001 Spurious 1521
23913.6 flowid 1000000001 Spurious 1523
24030.8 flowid 1000000001 Spurious 1522
24159.4 flowid 1000000001 Spurious 1525
24284.8 flowid 1000000001 Spurious 1530
24722.2 flowid 1000000001 Spurious 1541
24967.7 flowid 1000000001 Spurious 1546
25614.6 flowid 1000000001 Spurious 1560
26039.9 flowid 1000000001 Spurious 1571
26165.3 flowid 1000000001 Spurious 1573
26265.6 flowid 1000000001 Spurious 1574
26282.2 flowid 1000000001 Spurious 1576
26404 flowid 1000000001 Spurious 1581
27279.3 flowid 1000000001 Spurious 1600
27283.5 flowid 1000000001 Spurious 1602
27544.5 flowid 1000000001 Spurious 1606
27747.9 flowid 1000000001 Spurious 1614
27960.1 flowid 1000000001 Spurious 1619
28091.1 flowid 1000000001 Spurious 1622
28233.4 flowid 1000000001 Spurious 1625
28395.7 flowid 1000000001 Spurious 1628
28473.2 flowid 1000000001 Spurious 1632
28642.9 flowid 1000000001 Spurious 1636
28934.4 flowid 1000000001 Spurious 1643
29090.8 flowid 1000000001 Spurious 1646
29235.7 flowid 1000000001 Spurious 1652
29314.5 flowid 1000000001 Spurious 1656
29455.1 flowid 1000000001 Spurious 1657
29531.8 flowid 1000000001 Spurious 1659
29640.6 flowid 1000000001 Spurious 1660
29809.3 flowid 1000000001 Spurious 1663
30130.6 flowid 1000000001 Spurious 1670
30134.7 flowid 1000000001 Spurious 1671
30455.8 flowid 1000000001 Spurious 1678
30456.1 flowid 1000000001 Spurious 1679
30697.3 flowid 1000000001 Spurious 1685
30797.2 flowid 1000000001 Spurious 1691
30798 flowid 1000000001 Spurious 1692
30826.8 flowid 1000000001 Spurious 1693
30938.7 flowid 1000000001 Spurious 1695
31139.8 flowid 1000000001 Spurious 1700
31398.6 flowid 1000000001 Spurious 1704
31595.1 flowid 1000000001 Spurious 1707
31720.8 flowid 1000000001 Spurious 1709
31828.8 flowid 1000000001 Spurious 1711
31949.3 flowid 1000000001 Spurious 1716
32187.6 flowid 1000000001 Spurious 1722
32317.6 flowid 1000000001 Spurious 1724
32392.3 flowid 1000000001 Spurious 1726
32522 flowid 1000000001 Spurious 1727
32872.7 flowid 1000000001 Spurious 1736
32872.8 flowid 1000000001 Spurious 1737
32978 flowid 1000000001 Spurious 1741
33004.2 flowid 1000000001 Spurious 1739
33195.4 flowid 1000000001 Spurious 1748
33403.4 flowid 1000000001 Spurious 1754
33538.3 flowid 1000000001 Spurious 1757
33547.1 flowid 1000000001 Spurious 1760
33673.2 flowid 1000000001 Spurious 1763
33759.7 flowid 1000000001 Spurious 1767
33964.5 flowid 1000000001 Spurious 1771
33999.3 flowid 1000000001 Spurious 1774
34393.6 flowid 1000000001 Spurious 1785
34525.5 flowid 1000000001 Spurious 1788
34650.2 flowid 1000000001 Spurious 1795
34786.6 flowid 1000000001 Spurious 1799
35026.9 flowid 1000000001 Spurious 1801
35163 flowid 1000000001 Spurious 1805
35348.3 flowid 1000000001 Spurious 1807
35401.6 flowid 1000000001 Spurious 1811
35622.6 flowid 1000000001 Spurious 1814
36077.1 flowid 1000000001 Spurious 1826
36261.6 flowid 1000000001 Spurious 1833
36361.8 flowid 1000000001 Spurious 1837
36511.8 flowid 1000000001 Spurious 1840
36678.7 flowid 1000000001 Spurious 1845
36853.3 flowid 1000000001 Spurious 1847
36925.5 flowid 1000000001 Spurious 1850
36958.6 flowid 1000000001 Spurious 1849
37034.4 flowid 1000000001 Spurious 1852
37055.3 flowid 1000000001 Spurious 1853
37522.3 flowid 1000000001 Spurious 1863
37530.8 flowid 1000000001 Spurious 1866
37768.3 flowid 1000000001 Spurious 1873
38106.7 flowid 1000000001 Spurious 1885
38262.4 flowid 1000000001 Spurious 1889
38799.5 flowid 1000000001 Spurious 1904
38955.1 flowid 1000000001 Spurious 1905
39094.1 flowid 1000000001 Spurious 1906
39198.4 flowid 1000000001 Spurious 1908
39198.5 flowid 1000000001 Spurious 1910
39202.4 flowid 1000000001 Spurious 1911
39345.8 flowid 1000000001 Spurious 1914
39479.6 flowid 1000000001 Spurious 1917
39714.9 flowid 1000000001 Spurious 1925
39892.4 flowid 1000000001 Spurious 1930
40145.1 flowid 1000000001 Spurious 1939
40299.6 flowid 1000000001 Spurious 1941
40487.4 flowid 1000000001 Spurious 1946
40591.7 flowid 1000000001 Spurious 1947
40631.6 flowid 1000000001 Spurious 1948
40696.4 flowid 1000000001 Spurious 1949
40700.4 flowid 1000000001 Spurious 1951
40812.3 flowid 1000000001 Spurious 1954
40945 flowid 1000000001 Spurious 1957
40945.1 flowid 1000000001 Spurious 1958
41174.5 flowid 1000000001 Spurious 1960
41298 flowid 1000000001 Spurious 1965
41510.3 flowid 1000000001 Spurious 1974
41614.6 flowid 1000000001 Spurious 1976
41768.2 flowid 1000000001 Spurious 1978
42066.1 flowid 1000000001 Spurious 1984
42382.8 flowid 1000000001 Spurious 1993
42806.7 flowid 1000000001 Spurious 2008
42994.2 flowid 1000000001 Spurious 2014
43140 flowid 1000000001 Spurious 2017
43203 flowid 1000000001 Spurious 2016
43453.4 flowid 1000000001 Spurious 2025
43771 flowid 1000000001 Spurious 2032
43929.8 flowid 1000000001 Spurious 2036
44180.6 flowid 1000000001 Spurious 2044
44610.3 flowid 1000000001 Spurious 2054
44714.6 flowid 1000000001 Spurious 2058
44848.7 flowid 1000000001 Spurious 2061
45451.4 flowid 1000000001 Spurious 2076
45555.7 flowid 1000000001 Spurious 2077
45901.6 flowid 1000000001 Spurious 2086
46205.4 flowid 1000000001 Spurious 2093
46401.1 flowid 1000000001 Spurious 2099
46491.8 flowid 1000000001 Spurious 2102
47546.6 flowid 1000000001 Spurious 2133
47668.1 flowid 1000000001 Spurious 2137
47828.8 flowid 1000000001 Spurious 2139
47833.1 flowid 1000000001 Spurious 2141
48081.5 flowid 1000000001 Spurious 2145
48215.1 flowid 1000000001 Spurious 2148
48423.6 flowid 1000000001 Spurious 2155
48640.9 flowid 1000000001 Spurious 2156
48705.1 flowid 1000000001 Spurious 2160
48709.2 flowid 1000000001 Spurious 2162
48851.6 flowid 1000000001 Spurious 2161
49173.1 flowid 1000000001 Spurious 2171
49913.1 flowid 1000000001 Spurious 2191
50155 flowid 1000000001 Spurious 2199
50259.3 flowid 1000000001 Spurious 2202
50421.7 flowid 1000000001 Spurious 2206
50676.1 flowid 1000000001 Spurious 2212
50793.3 flowid 1000000001 Spurious 2216
50931.3 flowid 1000000001 Spurious 2219
51132 flowid 1000000001 Spurious 2226
51173.6 flowid 1000000001 Spurious 2221
51356.9 flowid 1000000001 Spurious 2230
51461.5 flowid 1000000001 Spurious 2232
51465.7 flowid 1000000001 Spurious 2234
51586.3 flowid 1000000001 Spurious 2236
51886.8 flowid 1000000001 Spurious 2244
52038.1 flowid 1000000001 Spurious 2249
52246.6 flowid 1000000001 Spurious 2255
52412.6 flowid 1000000001 Spurious 2258
52425 flowid 1000000001 Spurious 2259
52646.1 flowid 1000000001 Spurious 2264
53037.5 flowid 1000000001 Spurious 2272
53344.6 flowid 1000000001 Spurious 2279
53448.9 flowid 1000000001 Spurious 2282
53553.2 flowid 1000000001 Spurious 2285
53698 flowid 1000000001 Spurious 2289
53823.2 flowid 1000000001 Spurious 2292
54031.9 flowid 1000000001 Spurious 2297
54245.2 flowid 1000000001 Spurious 2304
54393.6 flowid 1000000001 Spurious 2307
54502.2 flowid 1000000001 Spurious 2310
54539.5 flowid 1000000001 Spurious 2308
54655.5 flowid 1000000001 Spurious 2313
54800 flowid 1000000001 Spurious 2316
55042.5 flowid 1000000001 Spurious 2320
55322.1 flowid 1000000001 Spurious 2328
55471.3 flowid 1000000001 Spurious 2331
55633.5 flowid 1000000001 Spurious 2336
55950.6 flowid 1000000001 Spurious 2345
55991.9 flowid 1000000001 Spurious 2344
56067.9 flowid 1000000001 Spurious 2348
56189.2 flowid 1000000001 Spurious 2350
56518.7 flowid 1000000001 Spurious 2355
56623 flowid 1000000001 Spurious 2357
56647.5 flowid 1000000001 Spurious 2359
56777.6 flowid 1000000001 Spurious 2361
56969.9 flowid 1000000001 Spurious 2367
57074.2 flowid 1000000001 Spurious 2368
57178.5 flowid 1000000001 Spurious 2371
57220.7 flowid 1000000001 Spurious 2370
57283 flowid 1000000001 Spurious 2375
57329.2 flowid 1000000001 Spurious 2374
57416.5 flowid 1000000001 Spurious 2373
57600.4 flowid 1000000001 Spurious 2381
57768.4 flowid 1000000001 Spurious 2382
57906.9 flowid 1000000001 Spurious 2385
58011.6 flowid 1000000001 Spurious 2389
58225.1 flowid 1000000001 Spurious 2394
58520.1 flowid 1000000001 Spurious 2402
58520.3 flowid 1000000001 Spurious 2403
58524.9 flowid 1000000001 Spurious 2400
58671.9 flowid 1000000001 Spurious 2407
58841.6 flowid 1000000001 Spurious 2411
59066.3 flowid 1000000001 Spurious 2421
59507.9 flowid 1000000001 Spurious 2430
59612.2 flowid 1000000001 Spurious 2432
59639.4 flowid 1000000001 Spurious 2434
59824.6 flowid 1000000001 Spurious 2442
59869.2 flowid 1000000001 Spurious 2439
60246.1 flowid 1000000001 Spurious 2455
60464.9 flowid 1000000001 Spurious 2461
60618 flowid 1000000001 Spurious 2462
60677.8 flowid 1000000001 Spurious 2465
60677.9 flowid 1000000001 Spurious 2466
60782.1 flowid 1000000001 Spurious 2469
60831.3 flowid 1000000001 Spurious 2470
60995.2 flowid 1000000001 Spurious 2473
61107.7 flowid 1000000001 Spurious 2477
61282.1 flowid 1000000001 Spurious 2480
61632.9 flowid 1000000001 Spurious 2485
61953 flowid 1000000001 Spurious 2497
62067.2 flowid 1000000001 Spurious 2499
62107.1 flowid 1000000001 Spurious 2501
62207.6 flowid 1000000001 Spurious 2506
62311.9 flowid 1000000001 Spurious 2508
62320.4 flowid 1000000001 Spurious 2509
62437.7 flowid 1000000001 Spurious 2510
62509.1 flowid 1000000001 Spurious 2511
62935.3 flowid 1000000001 Spurious 2523
63168 flowid 1000000001 Spurious 2529
63414.6 flowid 1000000001 Spurious 2534
63770.3 flowid 1000000001 Spurious 2543
63774.6 flowid 1000000001 Spurious 2544
63823.7 flowid 1000000001 Spurious 2546
64036.7 flowid 1000000001 Spurious 2552
64136.9 flowid 1000000001 Spurious 2554
64249.8 flowid 1000000001 Spurious 2557
64505.7 flowid 1000000001 Spurious 2563
64618.8 flowid 1000000001 Spurious 2565
64752.1 flowid 1000000001 Spurious 2566
65198.9 flowid 1000000001 Spurious 2578
65217.2 flowid 1000000001 Spurious 2580
65364.1 flowid 1000000001 Spurious 2582
65815.8 flowid 1000000001 Spurious 2590
65928.8 flowid 1000000001 Spurious 2592
66037.4 flowid 1000000001 Spurious 2595
66158.7 flowid 1000000001 Spurious 2594
66194.6 flowid 1000000001 Spurious 2596
66360.3 flowid 1000000001 Spurious 2600
66493.8 flowid 1000000001 Spurious 2603
66651.5 flowid 1000000001 Spurious 2606
66702.5 flowid 1000000001 Spurious 2609
66806.8 flowid 1000000001 Spurious 2612
67036.6 flowid 1000000001 Spurious 2620
67774.2 flowid 1000000001 Spurious 2638
67878.5 flowid 1000000001 Spurious 2639
68095.8 flowid 1000000001 Spurious 2644
68100 flowid 1000000001 Spurious 2645
68200.3 flowid 1000000001 Spurious 2648
68304.7 flowid 1000000001 Spurious 2652
68308.9 flowid 1000000001 Spurious 2653
68605 flowid 1000000001 Spurious 2660
68826.4 flowid 1000000001 Spurious 2667
69190 flowid 1000000001 Spurious 2672
69198.2 flowid 1000000001 Spurious 2675
69444.6 flowid 1000000001 Spurious 2678
69552.9 flowid 1000000001 Spurious 2679
69812.8 flowid 1000000001 Spurious 2684
70231.1 flowid 1000000001 Spurious 2695
70252.1 flowid 1000000001 Spurious 2694
70540 flowid 1000000001 Spurious 2701
70544.4 flowid 1000000001 Spurious 2703
70759.9 flowid 1000000001 Spurious 2707
70861.5 flowid 1000000001 Spurious 2706
70893.3 flowid 1000000001 Spurious 2709
71132.5 flowid 1000000001 Spurious 2716
71285.1 flowid 1000000001 Spurious 2721
71445.7 flowid 1000000001 Spurious 2724
71449.6 flowid 1000000001 Spurious 2725
71550 flowid 1000000001 Spurious 2728
71610.4 flowid 1000000001 Spurious 2730
71940.1 flowid 1000000001 Spurious 2740
72408.7 flowid 1000000001 Spurious 2756
72465.4 flowid 1000000001 Spurious 2758
72513 flowid 1000000001 Spurious 2760
72673.9 flowid 1000000001 Spurious 2764
73318.7 flowid 1000000001 Spurious 2779
73364.8 flowid 1000000001 Spurious 2783
73593.2 flowid 1000000001 Spurious 2786
73812.2 flowid 1000000001 Spurious 2791
73933.5 flowid 1000000001 Spurious 2792
74071.8 flowid 1000000001 Spurious 2793
74118.7 flowid 1000000001 Spurious 2796
74273.7 flowid 1000000001 Spurious 2799
74581 flowid 1000000001 Spurious 2804
74743.3 flowid 1000000001 Spurious 2806
74906.4 flowid 1000000001 Spurious 2811
75011.1 flowid 1000000001 Spurious 2816
75115.4 flowid 1000000001 Spurious 2818
75119.3 flowid 1000000001 Spurious 2819
75277.7 flowid 1000000001 Spurious 2823
75390.8 flowid 1000000001 Spurious 2827
75620.4 flowid 1000000001 Spurious 2831
76050.4 flowid 1000000001 Spurious 2843
76163.4 flowid 1000000001 Spurious 2844
76167.6 flowid 1000000001 Spurious 2845
76326.5 flowid 1000000001 Spurious 2846
76330.7 flowid 1000000001 Spurious 2847
76506.5 flowid 1000000001 Spurious 2850
76622.9 flowid 1000000001 Spurious 2849
76790.9 flowid 1000000001 Spurious 2855
77013.6 flowid 1000000001 Spurious 2856
77059 flowid 1000000001 Spurious 2858
77063.1 flowid 1000000001 Spurious 2860
77163.3 flowid 1000000001 Spurious 2859
77284.3 flowid 1000000001 Spurious 2861
77456.7 flowid 1000000001 Spurious 2864
77561.1 flowid 1000000001 Spurious 2865
77565.3 flowid 1000000001 Spurious 2866
77690.6 flowid 1000000001 Spurious 2867
77842 flowid 1000000001 Spurious 2871
78389.1 flowid 1000000001 Spurious 2882
78501.6 flowid 1000000001 Spurious 2886
78557.5 flowid 1000000001 Spurious 2885
78606 flowid 1000000001 Spurious 2888
78662.1 flowid 1000000001 Spurious 2887
78723 flowid 1000000001 Spurious 2889
78999.9 flowid 1000000001 Spurious 2895
79060.9 flowid 1000000001 Spurious 2898
79467.9 flowid 1000000001 Spurious 2906
79633.1 flowid 1000000001 Spurious 2911
80387.5 flowid 1000000001 Spurious 2935
80582.3 flowid 1000000001 Spurious 2939
80743.8 flowid 1000000001 Spurious 2942
80852.2 flowid 1000000001 Spurious 2948
80956.5 flowid 1000000001 Spurious 2951
81026.8 flowid 1000000001 Spurious 2952
81324.4 flowid 1000000001 Spurious 2956
81336.9 flowid 1000000001 Spurious 2957
81549.8 flowid 1000000001 Spurious 2959
81943.3 flowid 1000000001 Spurious 2968
82056 flowid 1000000001 Spurious 2972
82223.7 flowid 1000000001 Spurious 2978
82462 flowid 1000000001 Spurious 2982
82479.1 flowid 1000000001 Spurious 2985
82771.2 flowid 1000000001 Spurious 2989
83083.9 flowid 1000000001 Spurious 2993
83188.5 flowid 1000000001 Spurious 2996
83201 flowid 1000000001 Spurious 2998
83969.9 flowid 1000000001 Spurious 3019
84344.3 flowid 1000000001 Spurious 3035
84448.2 flowid 1000000001 Spurious 3037
84615.8 flowid 1000000001 Spurious 3038
84683.2 flowid 1000000001 Spurious 3040
84728.7 flowid 1000000001 Spurious 3042
84833.1 flowid 1000000001 Spurious 3044
85001 flowid 1000000001 Spurious 3046
85077.4 flowid 1000000001 Spurious 3048
85294.3 flowid 1000000001 Spurious 3052
85347.6 flowid 1000000001 Spurious 3056
85452.1 flowid 1000000001 Spurious 3057
85645.7 flowid 1000000001 Spurious 3060
85854.4 flowid 1000000001 Spurious 3064
86023.1 flowid 1000000001 Spurious 3068
86148.3 flowid 1000000001 Spurious 3075
86234.2 flowid 1000000001 Spurious 3076
86352.5 flowid 1000000001 Spurious 3078
86557.2 flowid 1000000001 Spurious 3081
86673.7 flowid 1000000001 Spurious 3082
86677.8 flowid 1000000001 Spurious 3085
86811.5 flowid 1000000001 Spurious 3088
86956.2 flowid 1000000001 Spurious 3091
87173.1 flowid 1000000001 Spurious 3096
87394 flowid 1000000001 Spurious 3098
87524.9 flowid 1000000001 Spurious 3102
87629.1 flowid 1000000001 Spurious 3104
87794.7 flowid 1000000001 Spurious 3107
87899.5 flowid 1000000001 Spurious 3110
88182.5 flowid 1000000001 Spurious 3115
88465.7 flowid 1000000001 Spurious 3118
88620.9 flowid 1000000001 Spurious 3125
88830.8 flowid 1000000001 Spurious 3133
88900 flowid 1000000001 Spurious 3134
89004.3 flowid 1000000001 Spurious 3137
89108.6 flowid 1000000001 Spurious 3140
89365 flowid 1000000001 Spurious 3143
89615.1 flowid 1000000001 Spurious 3149
89657 flowid 1000000001 Spurious 3152
89891.2 flowid 1000000001 Spurious 3155
90116.5 flowid 1000000001 Spurious 3159
90204.7 flowid 1000000001 Spurious 3160
90345.6 flowid 1000000001 Spurious 3165
90508.7 flowid 1000000001 Spurious 3169
90689 flowid 1000000001 Spurious 3170
90940.2 flowid 1000000001 Spurious 3174
91185.8 flowid 1000000001 Spurious 3183
91458.2 flowid 1000000001 Spurious 3185
91683.9 flowid 1000000001 Spurious 3192
91856.1 flowid 1000000001 Spurious 3188
91937.4 flowid 1000000001 Spurious 3193
91977.3 flowid 1000000001 Spurious 3197
92081.7 flowid 1000000001 Spurious 3201
92255 flowid 1000000001 Spurious 3205
92290.6 flowid 1000000001 Spurious 3209
92407.8 flowid 1000000001 Spurious 3213
92589.4 flowid 1000000001 Spurious 3214
92758.2 flowid 1000000001 Spurious 3218
92862.6 flowid 1000000001 Spurious 3222
92931.8 flowid 1000000001 Spurious 3223
93067.3 flowid 1000000001 Spurious 3227
93141 flowid 1000000001 Spurious 3228
93171.8 flowid 1000000001 Spurious 3231
93310.1 flowid 1000000001 Spurious 3234
94066.8 flowid 1000000001 Spurious 3251
94951.9 flowid 1000000001 Spurious 3273
95274 flowid 1000000001 Spurious 3284
95553.5 flowid 1000000001 Spurious 3290
95708.2 flowid 1000000001 Spurious 3297
95942 flowid 1000000001 Spurious 3301
96434.4 flowid 1000000001 Spurious 3313
96634.9 flowid 1000000001 Spurious 3315
97253.1 flowid 1000000001 Spurious 3330
97428.5 flowid 1000000001 Spurious 3333
97558.6 flowid 1000000001 Spurious 3338
97873 flowid 1000000001 Spurious 3339
98105.5 flowid 1000000001 Spurious 3346
98232.3 flowid 1000000001 Spurious 3352
98300.2 flowid 1000000001 Spurious 3351
98345.2 flowid 1000000001 Spurious 3354
98408.8 flowid 1000000001 Spurious 3355
98654.2 flowid 1000000001 Spurious 3363
98758.2 flowid 1000000001 Spurious 3365
98762.9 flowid 1000000001 Spurious 3361
98830.6 flowid 1000000001 Spurious 3364
98883.7 flowid 1000000001 Spurious 3367
99056.7 flowid 1000000001 Spurious 3373
99390.7 flowid 1000000001 Spurious 3383
99576.6 flowid 1000000001 Spurious 3388
99831.1 flowid 1000000001 Spurious 3394
99930.7 flowid 1000000001 Spurious 3396
100207 flowid 1000000001 Spurious 3399
100568 flowid 1000000001 Spurious 3408
100673 flowid 1000000001 Spurious 3411
100673 flowid 1000000001 Spurious 3412
101146 flowid 1000000001 Spurious 3421
101380 flowid 1000000001 Spurious 3426
101650 flowid 1000000001 Spurious 3432
101763 flowid 1000000001 Spurious 3433
101914 flowid 1000000001 Spurious 3439
102414 flowid 1000000001 Spurious 3449
102536 flowid 1000000001 Spurious 3452
102701 flowid 1000000001 Spurious 3455
103119 flowid 1000000001 Spurious 3462
103123 flowid 1000000001 Spurious 3464
103223 flowid 1000000001 Spurious 3463
103327 flowid 1000000001 Spurious 3465
103327 flowid 1000000001 Spurious 3467
103431 flowid 1000000001 Spurious 3469
103431 flowid 1000000001 Spurious 3471
103436 flowid 1000000001 Spurious 3472
103582 flowid 1000000001 Spurious 3474
103799 flowid 1000000001 Spurious 3476
104247 flowid 1000000001 Spurious 3487
104271 flowid 1000000001 Spurious 3489
104401 flowid 1000000001 Spurious 3494
104588 flowid 1000000001 Spurious 3498
104809 flowid 1000000001 Spurious 3501
105056 flowid 1000000001 Spurious 3508
105103 flowid 1000000001 Spurious 3507
105260 flowid 1000000001 Spurious 3513
105690 flowid 1000000001 Spurious 3521
105871 flowid 1000000001 Spurious 3524
106084 flowid 1000000001 Spurious 3532
106332 flowid 1000000001 Spurious 3537
106544 flowid 1000000001 Spurious 3541
106674 flowid 1000000001 Spurious 3544
106866 flowid 1000000001 Spurious 3549
107075 flowid 1000000001 Spurious 3558
107124 flowid 1000000001 Spurious 3556
107191 flowid 1000000001 Spurious 3561
107547 flowid 1000000001 Spurious 3570
107837 flowid 1000000001 Spurious 3574
108050 flowid 1000000001 Spurious 3580
108089 flowid 1000000001 Spurious 3583
108302 flowid 1000000001 Spurious 3587
108889 flowid 1000000001 Spurious 3600
109028 flowid 1000000001 Spurious 3605
109066 flowid 1000000001 Spurious 3606
109250 flowid 1000000001 Spurious 3608
109275 flowid 1000000001 Spurious 3610
109358 flowid 1000000001 Spurious 3611
109718 flowid 1000000001 Spurious 3618
109822 flowid 1000000001 Spurious 3623
109943 flowid 1000000001 Spurious 3624
110465 flowid 1000000001 Spurious 3641
110582 flowid 1000000001 Spurious 3644
110675 flowid 1000000001 Spurious 3645
110857 flowid 1000000001 Spurious 3649
111083 flowid 1000000001 Spurious 3656
111204 flowid 1000000001 Spurious 3659
111388 flowid 1000000001 Spurious 3664
111465 flowid 1000000001 Spurious 3661
111601 flowid 1000000001 Spurious 3670
111705 flowid 1000000001 Spurious 3672
111806 flowid 1000000001 Spurious 3674
111927 flowid 1000000001 Spurious 3676
112062 flowid 1000000001 Spurious 3679
112305 flowid 1000000001 Spurious 3686
112548 flowid 1000000001 Spurious 3693
112661 flowid 1000000001 Spurious 3695
112705 flowid 1000000001 Spurious 3698
112826 flowid 1000000001 Spurious 3699
113467 flowid 1000000001 Spurious 3715
113580 flowid 1000000001 Spurious 3716
113766 flowid 1000000001 Spurious 3719
113818 flowid 1000000001 Spurious 3723
114004 flowid 1000000001 Spurious 3724
114017 flowid 1000000001 Spurious 3726
114400 flowid 1000000001 Spurious 3729
114504 flowid 1000000001 Spurious 3733
114586 flowid 1000000001 Spurious 3735
114608 flowid 1000000001 Spurious 3737
114691 flowid 1000000001 Spurious 3740
114921 flowid 1000000001 Spurious 3741
115172 flowid 1000000001 Spurious 3749
115385 flowid 1000000001 Spurious 3752
115644 flowid 1000000001 Spurious 3759
115727 flowid 1000000001 Spurious 3758
115934 flowid 1000000001 Spurious 3765
115955 flowid 1000000001 Spurious 3768
116043 flowid 1000000001 Spurious 3769
116064 flowid 1000000001 Spurious 3771
116190 flowid 1000000001 Spurious 3772
116277 flowid 1000000001 Spurious 3773
116549 flowid 1000000001 Spurious 3775
116787 flowid 1000000001 Spurious 3782
117142 flowid 1000000001 Spurious 3785
117479 flowid 1000000001 Spurious 3794
117535 flowid 1000000001 Spurious 3798
117835 flowid 1000000001 Spurious 3802
118427 flowid 1000000001 Spurious 3814
118633 flowid 1000000001 Spurious 3817
118659 flowid 1000000001 Spurious 3818
118763 flowid 1000000001 Spurious 3820
118876 flowid 1000000001 Spurious 3823
118880 flowid 1000000001 Spurious 3824
118988 flowid 1000000001 Spurious 3825
119170 flowid 1000000001 Spurious 3827
119174 flowid 1000000001 Spurious 3828
119504 flowid 1000000001 Spurious 3835
119687 flowid 1000000001 Spurious 3838
119829 flowid 1000000001 Spurious 3842
120023 flowid 1000000001 Spurious 3845
120124 flowid 1000000001 Spurious 3847
120136 flowid 1000000001 Spurious 3848
120236 flowid 1000000001 Spurious 3851
120540 flowid 1000000001 Spurious 3855
120847 flowid 1000000001 Spurious 3860
121163 flowid 1000000001 Spurious 3870
121451 flowid 1000000001 Spurious 3874
121659 flowid 1000000001 Spurious 3878
121859 flowid 1000000001 Spurious 3883
121877 flowid 1000000001 Spurious 3887
121981 flowid 1000000001 Spurious 3890
121981 flowid 1000000001 Spurious 3891
122086 flowid 1000000001 Spurious 3894
122086 flowid 1000000001 Spurious 3895
122190 flowid 1000000001 Spurious 3899
122190 flowid 1000000001 Spurious 3900
122294 flowid 1000000001 Spurious 3904
122590 flowid 1000000001 Spurious 3909
122820 flowid 1000000001 Spurious 3916
123056 flowid 1000000001 Spurious 3919
123168 flowid 1000000001 Spurious 3925
123168 flowid 1000000001 Spurious 3926
123276 flowid 1000000001 Spurious 3929
123380 flowid 1000000001 Spurious 3930
123381 flowid 1000000001 Spurious 3931
123381 flowid 1000000001 Spurious 3932
123631 flowid 1000000001 Spurious 3936
123852 flowid 1000000001 Spurious 3941
124057 flowid 1000000001 Spurious 3944
124165 flowid 1000000001 Spurious 3948
124387 flowid 1000000001 Spurious 3952
124624 flowid 1000000001 Spurious 3962
124808 flowid 1000000001 Spurious 3964
125043 flowid 1000000001 Spurious 3970
125147 flowid 1000000001 Spurious 3974
125316 flowid 1000000001 Spurious 3976
125329 flowid 1000000001 Spurious 3977
125533 flowid 1000000001 Spurious 3982
125824 flowid 1000000001 Spurious 3985
126043 flowid 1000000001 Spurious 3991
126244 flowid 1000000001 Spurious 3995
126423 flowid 1000000001 Spurious 3999
126691 flowid 1000000001 Spurious 4001
126827 flowid 1000000001 Spurious 4007
126831 flowid 1000000001 Spurious 4008
126831 flowid 1000000001 Spurious 4009
126948 flowid 1000000001 Spurious 4011
127151 flowid 1000000001 Spurious 4014
127475 flowid 1000000001 Spurious 4017
127482 flowid 1000000001 Spurious 4020
127589 flowid 1000000001 Spurious 4023
127718 flowid 1000000001 Spurious 4024
127944 flowid 1000000001 Spurious 4032
128327 flowid 1000000001 Spurious 4038
128453 flowid 1000000001 Spurious 4044
128740 flowid 1000000001 Spurious 4045
128978 flowid 1000000001 Spurious 4051
129020 flowid 1000000001 Spurious 4053
129217 flowid 1000000001 Spurious 4059
129509 flowid 1000000001 Spurious 4061
129630 flowid 1000000001 Spurious 4067
129730 flowid 1000000001 Spurious 4070
129860 flowid 1000000001 Spurious 4071
129959 flowid 1000000001 Spurious 4073
130248 flowid 1000000001 Spurious 4076
130365 flowid 1000000001 Spurious 4081
130469 flowid 1000000001 Spurious 4083
130478 flowid 1000000001 Spurious 4082
130663 flowid 1000000001 Spurious 4084
130778 flowid 1000000001 Spurious 4089
130991 flowid 1000000001 Spurious 4091
131297 flowid 1000000001 Spurious 4095
131415 flowid 1000000001 Spurious 4101
131504 flowid 1000000001 Spurious 4100
131520 flowid 1000000001 Spurious 4104
131750 flowid 1000000001 Spurious 4106
132035 flowid 1000000001 Spurious 4112
132192 flowid 1000000001 Spurious 4116
132297 flowid 1000000001 Spurious 4117
132401 flowid 1000000001 Spurious 4120
132501 flowid 1000000001 Spurious 4123
132610 flowid 1000000001 Spurious 4127
132789 flowid 1000000001 Spurious 4130
133006 flowid 1000000001 Spurious 4136
133064 flowid 1000000001 Spurious 4133
133140 flowid 1000000001 Spurious 4139
133344 flowid 1000000001 Spurious 4145
133349 flowid 1000000001 Spurious 4146
133451 flowid 1000000001 Spurious 4148
133561 flowid 1000000001 Spurious 4150
133652 flowid 1000000001 Spurious 4149
133786 flowid 1000000001 Spurious 4155
134002 flowid 1000000001 Spurious 4157
134190 flowid 1000000001 Spurious 4163
134506 flowid 1000000001 Spurious 4168
134706 flowid 1000000001 Spurious 4170
134740 flowid 1000000001 Spurious 4171
134840 flowid 1000000001 Spurious 4173
134910 flowid 1000000001 Spurious 4175
135140 flowid 1000000001 Spurious 4180
135252 flowid 1000000001 Spurious 4182
135681 flowid 1000000001 Spurious 4195
135886 flowid 1000000001 Spurious 4200
135886 flowid 1000000001 Spurious 4202
136111 flowid 1000000001 Spurious 4207
136675 flowid 1000000001 Spurious 4221
137020 flowid 1000000001 Spurious 4229
137342 flowid 1000000001 Spurious 4235
137546 flowid 1000000001 Spurious 4239
137914 flowid 1000000001 Spurious 4247
137914 flowid 1000000001 Spurious 4248
138114 flowid 1000000001 Spurious 4250
138248 flowid 1000000001 Spurious 4256
138352 flowid 1000000001 Spurious 4257
138356 flowid 1000000001 Spurious 4258
138452 flowid 1000000001 Spurious 4259
138590 flowid 1000000001 Spurious 4265
139132 flowid 1000000001 Spurious 4279
139245 flowid 1000000001 Spurious 4280
139471 flowid 1000000001 Spurious 4286
139509 flowid 1000000001 Spurious 4287
140338 flowid 1000000001 Spurious 4308
140343 flowid 1000000001 Spurious 4309
140672 flowid 1000000001 Spurious 4314
140677 flowid 1000000001 Spurious 4316
140990 flowid 1000000001 Spurious 4323
141098 flowid 1000000001 Spurious 4328
141194 flowid 1000000001 Spurious 4327
141332 flowid 1000000001 Spurious 4332
141633 flowid 1000000001 Spurious 4338
141762 flowid 1000000001 Spurious 4340
141980 flowid 1000000001 Spurious 4343
142410 flowid 1000000001 Spurious 4352
142732 flowid 1000000001 Spurious 4361
142844 flowid 1000000001 Spurious 4362
142953 flowid 1000000001 Spurious 4366
143756 flowid 1000000001 Spurious 4379
143869 flowid 1000000001 Spurious 4381
144090 flowid 1000000001 Spurious 4385
144236 flowid 1000000001 Spurious 4386
144249 flowid 1000000001 Spurious 4388
144341 flowid 1000000001 Spurious 4387
144445 flowid 1000000001 Spurious 4389
144637 flowid 1000000001 Spurious 4395
145004 flowid 1000000001 Spurious 4406
145321 flowid 1000000001 Spurious 4415
145647 flowid 1000000001 Spurious 4424
145751 flowid 1000000001 Spurious 4427
145968 flowid 1000000001 Spurious 4430
146372 flowid 1000000001 Spurious 4438
146481 flowid 1000000001 Spurious 4444
146601 flowid 1000000001 Spurious 4445
146823 flowid 1000000001 Spurious 4451
146931 flowid 1000000001 Spurious 4452
147148 flowid 1000000001 Spurious 4459
147612 flowid 1000000001 Spurious 4470
148016 flowid 1000000001 Spurious 4477
148016 flowid 1000000001 Spurious 4479
148016 flowid 1000000001 Spurious 4480
148129 flowid 1000000001 Spurious 4482
148216 flowid 1000000001 Spurious 4484
148676 flowid 1000000001 Spurious 4492
148784 flowid 1000000001 Spurious 4496
148876 flowid 1000000001 Spurious 4494
149022 flowid 1000000001 Spurious 4501
149703 flowid 1000000001 Spurious 4514
149971 flowid 1000000001 Spurious 4516
150167 flowid 1000000001 Spurious 4522
150271 flowid 1000000001 Spurious 4523
150580 flowid 1000000001 Spurious 4530
150684 flowid 1000000001 Spurious 4532
150826 flowid 1000000001 Spurious 4535
150935 flowid 1000000001 Spurious 4539
151035 flowid 1000000001 Spurious 4542
151144 flowid 1000000001 Spurious 4547
151248 flowid 1000000001 Spurious 4548
151494 flowid 1000000001 Spurious 4553
151499 flowid 1000000001 Spurious 4554
151616 flowid 1000000001 Spurious 4556
151737 flowid 1000000001 Spurious 4558
152192 flowid 1000000001 Spurious 4567
152760 flowid 1000000001 Spurious 4586
152860 flowid 1000000001 Spurious 4587
152994 flowid 1000000001 Spurious 4593
153107 flowid 1000000001 Spurious 4594
153449 flowid 1000000001 Spurious 4600
153658 flowid 1000000001 Spurious 4605
153880 flowid 1000000001 Spurious 4607
153984 flowid 1000000001 Spurious 4608
153984 flowid 1000000001 Spurious 4609
154088 flowid 1000000001 Spurious 4611
154297 flowid 1000000001 Spurious 4614
154414 flowid 1000000001 Spurious 4615
154514 flowid 1000000001 Spurious 4617
154614 flowid 1000000001 Spurious 4619
154618 flowid 1000000001 Spurious 4620
154748 flowid 1000000001 Spurious 4622
155169 flowid 1000000001 Spurious 4631
155182 flowid 1000000001 Spurious 4636
155550 flowid 1000000001 Spurious 4639
155571 flowid 1000000001 Spurious 4641
155688 flowid 1000000001 Spurious 4642
155948 flowid 1000000001 Spurious 4646
156211 flowid 1000000001 Spurious 4650
156444 flowid 1000000001 Spurious 4657
156687 flowid 1000000001 Spurious 4664
156866 flowid 1000000001 Spurious 4663
157283 flowid 1000000001 Spurious 4676
157430 flowid 1000000001 Spurious 4682
157526 flowid 1000000001 Spurious 4681
157547 flowid 1000000001 Spurious 4686
157647 flowid 1000000001 Spurious 4687
157651 flowid 1000000001 Spurious 4689
157651 flowid 1000000001 Spurious 4690
157760 flowid 1000000001 Spurious 4692
157764 flowid 1000000001 Spurious 4693
157960 flowid 1000000001 Spurious 4694
158107 flowid 1000000001 Spurious 4700
158333 flowid 1000000001 Spurious 4705
158437 flowid 1000000001 Spurious 4707
158441 flowid 1000000001 Spurious 4709
159230 flowid 1000000001 Spurious 4722
159744 flowid 1000000001 Spurious 4738
159986 flowid 1000000001 Spurious 4745
160194 flowid 1000000001 Spurious 4753
160286 flowid 1000000001 Spurious 4752
160299 flowid 1000000001 Spurious 4755
160621 flowid 1000000001 Spurious 4767
160725 flowid 1000000001 Spurious 4770
160725 flowid 1000000001 Spurious 4771
161514 flowid 1000000001 Spurious 4791
161630 flowid 1000000001 Spurious 4793
161722 flowid 1000000001 Spurious 4797
161922 flowid 1000000001 Spurious 4796
162324 flowid 1000000001 Spurious 4809
162633 flowid 1000000001 Spurious 4816
163079 flowid 1000000001 Spurious 4834
163972 flowid 1000000001 Spurious 4858
164209 flowid 1000000001 Spurious 4864
164243 flowid 1000000001 Spurious 4866
164347 flowid 1000000001 Spurious 4870
164356 flowid 1000000001 Spurious 4872
164890 flowid 1000000001 Spurious 4884
165007 flowid 1000000001 Spurious 4888
165345 flowid 1000000001 Spurious 4895
165445 flowid 1000000001 Spurious 4895
165659 flowid 1000000001 Spurious 4899
165884 flowid 1000000001 Spurious 4903
165984 flowid 1000000001 Spurious 4906
166144 flowid 1000000001 Spurious 4909
166244 flowid 1000000001 Spurious 4911
166335 flowid 1000000001 Spurious 4913
166440 flowid 1000000001 Spurious 4914
166561 flowid 1000000001 Spurious 4916
166795 flowid 1000000001 Spurious 4918
167029 flowid 1000000001 Spurious 4925
167380 flowid 1000000001 Spurious 4933
167705 flowid 1000000001 Spurious 4935
167922 flowid 1000000001 Spurious 4946
168005 flowid 1000000001 Spurious 4945
168139 flowid 1000000001 Spurious 4949
168369 flowid 1000000001 Spurious 4952
168474 flowid 1000000001 Spurious 4955
168578 flowid 1000000001 Spurious 4957
168995 flowid 1000000001 Spurious 4969
168999 flowid 1000000001 Spurious 4970
168999 flowid 1000000001 Spurious 4971
169438 flowid 1000000001 Spurious 4979
169630 flowid 1000000001 Spurious 4982
170323 flowid 1000000001 Spurious 4998
170719 flowid 1000000001 Spurious 5008
171024 flowid 1000000001 Spurious 5012
171442 flowid 1000000001 Spurious 5023
171454 flowid 1000000001 Spurious 5024
171746 flowid 1000000001 Spurious 5026
172080 flowid 1000000001 Spurious 5034
172176 flowid 1000000001 Spurious 5035
172536 flowid 1000000001 Spurious 5044
172645 flowid 1000000001 Spurious 5045
173004 flowid 1000000001 Spurious 5054
173121 flowid 1000000001 Spurious 5056
173413 flowid 1000000001 Spurious 5063
173413 flowid 1000000001 Spurious 5064
173542 flowid 1000000001 Spurious 5066
173689 flowid 1000000001 Spurious 5069
173977 flowid 1000000001 Spurious 5077
173981 flowid 1000000001 Spurious 5080
174164 flowid 1000000001 Spurious 5083
174269 flowid 1000000001 Spurious 5086
175317 flowid 1000000001 Spurious 5116
175479 flowid 1000000001 Spurious 5117
175666 flowid 1000000001 Spurious 5121
175879 flowid 1000000001 Spurious 5128
176105 flowid 1000000001 Spurious 5133
176430 flowid 1000000001 Spurious 5137
176968 flowid 1000000001 Spurious 5149
177278 flowid 1000000001 Spurious 5155
177495 flowid 1000000001 Spurious 5158
177608 flowid 1000000001 Spurious 5162
177846 flowid 1000000001 Spurious 5167
178300 flowid 1000000001 Spurious 5177
178622 flowid 1000000001 Spurious 5180
178743 flowid 1000000001 Spurious 5184
178848 flowid 1000000001 Spurious 5185
178960 flowid 1000000001 Spurious 5188
179061 flowid 1000000001 Spurious 5190
179277 flowid 1000000001 Spurious 5197
179419 flowid 1000000001 Spurious 5198
179749 flowid 1000000001 Spurious 5208
180520 flowid 1000000001 Spurious 5229
180750 flowid 1000000001 Spurious 5234
181288 flowid 1000000001 Spurious 5246
181409 flowid 1000000001 Spurious 5249
181748 flowid 1000000001 Spurious 5254
181761 flowid 1000000001 Spurious 5257
182191 flowid 1000000001 Spurious 5262
182421 flowid 1000000001 Spurious 5269
182600 flowid 1000000001 Spurious 5274
182838 flowid 1000000001 Spurious 5281
183280 flowid 1000000001 Spurious 5296
183418 flowid 1000000001 Spurious 5300
183878 flowid 1000000001 Spurious 5309
183882 flowid 1000000001 Spurious 5311
184375 flowid 1000000001 Spurious 5319
184846 flowid 1000000001 Spurious 5329
184947 flowid 1000000001 Spurious 5332
184951 flowid 1000000001 Spurious 5333
185051 flowid 1000000001 Spurious 5334
185268 flowid 1000000001 Spurious 5335
185423 flowid 1000000001 Spurious 5339
185740 flowid 1000000001 Spurious 5346
186308 flowid 1000000001 Spurious 5362
186641 flowid 1000000001 Spurious 5369
187084 flowid 1000000001 Spurious 5380
187126 flowid 1000000001 Spurious 5381
187326 flowid 1000000001 Spurious 5387
187431 flowid 1000000001 Spurious 5390
187682 flowid 1000000001 Spurious 5395
187886 flowid 1000000001 Spurious 5396
188441 flowid 1000000001 Spurious 5413
188574 flowid 1000000001 Spurious 5412
188674 flowid 1000000001 Spurious 5412
188775 flowid 1000000001 Spurious 5415
188779 flowid 1000000001 Spurious 5417
188896 flowid 1000000001 Spurious 5416
188900 flowid 1000000001 Spurious 5418
189034 flowid 1000000001 Spurious 5419
189339 flowid 1000000001 Spurious 5427
189443 flowid 1000000001 Spurious 5428
189547 flowid 1000000001 Spurious 5430
189552 flowid 1000000001 Spurious 5432
189647 flowid 1000000001 Spurious 5431
189656 flowid 1000000001 Spurious 5435
189656 flowid 1000000001 Spurious 5436
190206 flowid 1000000001 Spurious 5451
190306 flowid 1000000001 Spurious 5453
190514 flowid 1000000001 Spurious 5456
190519 flowid 1000000001 Spurious 5459
190623 flowid 1000000001 Spurious 5462
191024 flowid 1000000001 Spurious 5472
191809 flowid 1000000001 Spurious 5486
191817 flowid 1000000001 Spurious 5491
191972 flowid 1000000001 Spurious 5494
192110 flowid 1000000001 Spurious 5496
192323 flowid 1000000001 Spurious 5498
192427 flowid 1000000001 Spurious 5500
192531 flowid 1000000001 Spurious 5505
192649 flowid 1000000001 Spurious 5507
192762 flowid 1000000001 Spurious 5509
193217 flowid 1000000001 Spurious 5516
193542 flowid 1000000001 Spurious 5522
193542 flowid 1000000001 Spurious 5527
193964 flowid 1000000001 Spurious 5537
194081 flowid 1000000001 Spurious 5538
194185 flowid 1000000001 Spurious 5539
194189 flowid 1000000001 Spurious 5540
194306 flowid 1000000001 Spurious 5543
194532 flowid 1000000001 Spurious 5545
195709 flowid 1000000001 Spurious 5573
195714 flowid 1000000001 Spurious 5574
195818 flowid 1000000001 Spurious 5576
195922 flowid 1000000001 Spurious 5579
196035 flowid 1000000001 Spurious 5581
196177 flowid 1000000001 Spurious 5583
196244 flowid 1000000001 Spurious 5582
196378 flowid 1000000001 Spurious 5588
196595 flowid 1000000001 Spurious 5596
196754 flowid 1000000001 Spurious 5594
196992 flowid 1000000001 Spurious 5603
196992 flowid 1000000001 Spurious 5604
197226 flowid 1000000001 Spurious 5610
197447 flowid 1000000001 Spurious 5613
197568 flowid 1000000001 Spurious 5615
197815 flowid 1000000001 Spurious 5619
197919 flowid 1000000001 Spurious 5620
198266 flowid 1000000001 Spurious 5630
198471 flowid 1000000001 Spurious 5634
198575 flowid 1000000001 Spurious 5640
198579 flowid 1000000001 Spurious 5641
198713 flowid 1000000001 Spurious 5644
198939 flowid 1000000001 Spurious 5645
199143 flowid 1000000001 Spurious 5651
199148 flowid 1000000001 Spurious 5650
199252 flowid 1000000001 Spurious 5655
199361 flowid 1000000001 Spurious 5660
199691 flowid 1000000001 Spurious 5667
199928 flowid 1000000001 Spurious 5673
Done at 200000 us
CSV results written to results/review_ecn_nscc_highq/nscc_q800_tcpEcnOff.csv

========================================
INTER-PROTOCOL FAIRNESS RESULTS
========================================

=== NSCC Statistics ===
NSCC flows completed: 0/1
NSCC total bytes received (unique): 6292552
NSCC per-flow throughput (Gbps): mean=0.251702 median=0.251702 p99=0.251702

=== TCP Cubic Statistics ===
TCP Cubic flows completed: 0/1
TCP Cubic total bytes received: 2497350001
TCP Cubic retransmits: 0
TCP Cubic per-flow throughput (Gbps): mean=99.894 median=99.894 p99=99.894

=== Competitive Fairness Analysis ===
Mode: STEADY-STATE (all flows active for entire simulation)
Measurement window: 0 - 200000 us (200000 us)
NSCC:  6292552 bytes, 0.251702 Gbps, share=0.251336%
Cubic: 2497350001 bytes, 99.894 Gbps, share=99.7487%
Competitive JFI: 0.50252

=== Raw Bandwidth Share (total bytes, for reference) ===
NSCC:  0.251336%
Cubic: 99.7487%

=== Jain's Fairness Index (per-flow) ===
Jain's Fairness Index (all flows): 0.50252
