topology file: topologies/incast_2to1_20us.topo
traffic matrix file: connection_matrices/incast_2to1_single_switch.cm
queue size 100 packets
end_time 200000 us
random seed 13
NSCC ratio 0.5
ECN enabled
TCP Cubic ECN response disabled
NSCC target queue delay 16 us
CSV output: results/review_ecn_nscc_highq/nscc_incast_20us_qd16_tcpEcnOff.csv
Logging to logout.dat
Loading connection matrix from connection_matrices/incast_2to1_single_switch.cm
Nodes: 4 Connections: 2 Triggers: 0 Failures: 0
Using 4 nodes
Topology load done
Fat Tree topology (0) with 5us Src-ToR links, 5us ToR-Agg links, 0us ToR switch latency, 0us Agg switch latency for 20us diameter latency.
no_of_tor_uplinks: 1
No of nodes: 4
No of pods: 1
Hosts per pod: 4
Hosts per pod: 4
ToR switches per pod: 1
Agg switches per pod: 1
No of core switches: 0
FatTreeCfg constructor done.
Tier 0 QueueSize Down 150000 bytes
Tier 0 QueueSize Up 150000 bytes
Tier 1 QueueSize Down 150000 bytes
Tier 1 QueueSize Up 150000 bytes
Tier 2 QueueSize Down 150000 bytes
ECN thresholds: low=37500 bytes, high=145500 bytes
FatTreeTopologyCfg NCORE=0 NAGG=1 NTOR=1 NSRV=4 NPOD=1 tor_switches_per_pod=1 agg_switches_per_pod=1 tiers=2 host_per_pod=4 enabled_ecn=1 enable_ecn_on_tor_downlink=1 ecn_low=37500 ecn_high=145500 num_failed_links=0 failed_link_ratio=0.25 no_of_nodes=4 hop_latency=0 switch_latency=0 diameter_latency=20000000 diameter=4 tier=0 link_latency=5000000 switch_latencies=0 bundlesize=1 downlink_speeds=100000000000 oversub=4 radix_down=4 queue_down=150000 radix_up=1 queue_up=150000 tier=1 link_latency=5000000 switch_latencies=0 bundlesize=1 downlink_speeds=100000000000 oversub=1 radix_down=1 queue_down=150000 radix_up=0 queue_up=150000
queue_id 2 ecn_low 37500 ecn_high 145500
actual nodes 4
Network RTT: 40 us
Initializing static NSCC parameters: _reference_network_linkspeed=100000000000 _reference_network_rtt=12000000 _reference_network_bdp=150000 _target_Qdelay=16000000 _network_linkspeed=100000000000 _network_rtt=40000000 _network_bdp=500000 _qa_gate=2^2 _qa_threshold=6.4e+07 _scaling_factor_a=3.33333 _scaling_factor_b=1.33333 _alpha=0.00455111 _fi=68266.7 _eta=2048 _qa_scaling=1 _gamma=0.8 _fi_scale=0.833333 _delay_alpha=0.0125 _adjust_period_threshold=40000000 _adjust_bytes_threshold=33280
Creating 1 NSCC flows and 1 TCP Cubic flows
Initialize per-instance NSCC parameters: flowid 1000000001 _base_rtt=40000000 _base_bdp=500000 _bdp=500000 _min_cwnd=4160 _maxwnd=750000 _cwnd=750000
Setting flow size to 9223372036854777307
Created 1 NSCC flows and 1 TCP Cubic flows
Both protocols share the SAME network queues - they will compete for bandwidth
Starting simulation
Flow nscc_1_0 flowId 1000000001 uecSrc 0 starting at 0
Done at 200000 us
CSV results written to results/review_ecn_nscc_highq/nscc_incast_20us_qd16_tcpEcnOff.csv

========================================
INTER-PROTOCOL FAIRNESS RESULTS
========================================

=== NSCC Statistics ===
NSCC flows completed: 0/1
NSCC total bytes received (unique): 2235951084
NSCC per-flow throughput (Gbps): mean=89.4381 median=89.4381 p99=89.4381

=== TCP Cubic Statistics ===
TCP Cubic flows completed: 0/1
TCP Cubic total bytes received: 111119193
TCP Cubic retransmits: 175
TCP Cubic per-flow throughput (Gbps): mean=4.44477 median=4.44477 p99=4.44477

=== Competitive Fairness Analysis ===
Mode: STEADY-STATE (all flows active for entire simulation)
Measurement window: 0 - 200000 us (200000 us)
NSCC:  2235951084 bytes, 89.4381 Gbps, share=95.2656%
Cubic: 111119193 bytes, 4.44477 Gbps, share=4.73438%
Competitive JFI: 0.549574

=== Raw Bandwidth Share (total bytes, for reference) ===
NSCC:  95.2656%
Cubic: 4.73438%

=== Jain's Fairness Index (per-flow) ===
Jain's Fairness Index (all flows): 0.549574
