topology file: topologies/leaf_spine_128_1to1.topo
traffic matrix file: connection_matrices/incast_2to1_steady.cm
queue size 400 packets
end_time 200000 us
random seed 13
NSCC ratio 0.5
ECN enabled
TCP Cubic ECN response disabled
CSV output: results/review_ecn_nscc_highq/nscc_q400_tcpEcnOff.csv
Logging to logout.dat
Loading connection matrix from connection_matrices/incast_2to1_steady.cm
Nodes: 128 Connections: 2 Triggers: 0 Failures: 0
Using 128 nodes
Topology load done
Fat Tree topology (0) with 1us Src-ToR links, 1us ToR-Agg links, 0us ToR switch latency, 0us Agg switch latency for 4us diameter latency.
no_of_tor_uplinks: 128
No of nodes: 128
No of pods: 1
Hosts per pod: 128
Hosts per pod: 128
ToR switches per pod: 8
Agg switches per pod: 16
No of core switches: 0
FatTreeCfg constructor done.
Tier 0 QueueSize Down 600000 bytes
Tier 0 QueueSize Up 600000 bytes
Tier 1 QueueSize Down 600000 bytes
Tier 1 QueueSize Up 600000 bytes
Tier 2 QueueSize Down 600000 bytes
ECN thresholds: low=150000 bytes, high=582000 bytes
FatTreeTopologyCfg NCORE=0 NAGG=16 NTOR=8 NSRV=128 NPOD=1 tor_switches_per_pod=8 agg_switches_per_pod=16 tiers=2 host_per_pod=128 enabled_ecn=1 enable_ecn_on_tor_downlink=1 ecn_low=150000 ecn_high=582000 num_failed_links=0 failed_link_ratio=0.25 no_of_nodes=128 hop_latency=0 switch_latency=0 diameter_latency=4000000 diameter=4 tier=0 link_latency=1000000 switch_latencies=0 bundlesize=1 downlink_speeds=100000000000 oversub=1 radix_down=16 queue_down=600000 radix_up=16 queue_up=600000 tier=1 link_latency=1000000 switch_latencies=0 bundlesize=1 downlink_speeds=100000000000 oversub=1 radix_down=8 queue_down=600000 radix_up=0 queue_up=600000
queue_id 2 ecn_low 150000 ecn_high 582000
actual nodes 128
Network RTT: 8 us
Initializing static NSCC parameters: _reference_network_linkspeed=100000000000 _reference_network_rtt=12000000 _reference_network_bdp=150000 _target_Qdelay=5000000 _network_linkspeed=100000000000 _network_rtt=8000000 _network_bdp=100000 _qa_gate=2^2 _qa_threshold=2e+07 _scaling_factor_a=0.666667 _scaling_factor_b=0.416667 _alpha=0.000910222 _fi=13653.3 _eta=409.6 _qa_scaling=1 _gamma=0.8 _fi_scale=0.166667 _delay_alpha=0.0125 _adjust_period_threshold=8000000 _adjust_bytes_threshold=33280
Creating 1 NSCC flows and 1 TCP Cubic flows
Initialize per-instance NSCC parameters: flowid 1000000001 _base_rtt=8000000 _base_bdp=100000 _bdp=100000 _min_cwnd=4160 _maxwnd=150000 _cwnd=150000
pathcount 16
Setting flow size to 9223372036854777307
Created 1 NSCC flows and 1 TCP Cubic flows
Both protocols share the SAME network queues - they will compete for bandwidth
Starting simulation
Flow nscc_64_0 flowId 1000000001 uecSrc 0 starting at 0
54252.9 flowid 1000000001 Spurious 2205
68829.6 flowid 1000000001 Spurious 2693
73397.9 flowid 1000000001 Spurious 2840
79366.7 flowid 1000000001 Spurious 3035
79685.8 flowid 1000000001 Spurious 3045
116030 flowid 1000000001 Spurious 4255
118750 flowid 1000000001 Spurious 4348
124090 flowid 1000000001 Spurious 4524
125494 flowid 1000000001 Spurious 4569
128208 flowid 1000000001 Spurious 4660
134677 flowid 1000000001 Spurious 4871
137776 flowid 1000000001 Spurious 4974
141227 flowid 1000000001 Spurious 5093
141385 flowid 1000000001 Spurious 5098
150936 flowid 1000000001 Spurious 5413
156399 flowid 1000000001 Spurious 5596
156572 flowid 1000000001 Spurious 5602
160817 flowid 1000000001 Spurious 5744
171278 flowid 1000000001 Spurious 6088
178497 flowid 1000000001 Spurious 6317
184228 flowid 1000000001 Spurious 6508
197685 flowid 1000000001 Spurious 6953
Done at 200000 us
CSV results written to results/review_ecn_nscc_highq/nscc_q400_tcpEcnOff.csv

========================================
INTER-PROTOCOL FAIRNESS RESULTS
========================================

=== NSCC Statistics ===
NSCC flows completed: 0/1
NSCC total bytes received (unique): 9256456
NSCC per-flow throughput (Gbps): mean=0.370258 median=0.370258 p99=0.370258

=== TCP Cubic Statistics ===
TCP Cubic flows completed: 0/1
TCP Cubic total bytes received: 2498549001
TCP Cubic retransmits: 0
TCP Cubic per-flow throughput (Gbps): mean=99.942 median=99.942 p99=99.942

=== Competitive Fairness Analysis ===
Mode: STEADY-STATE (all flows active for entire simulation)
Measurement window: 0 - 200000 us (200000 us)
NSCC:  9256456 bytes, 0.370258 Gbps, share=0.369106%
Cubic: 2498549001 bytes, 99.942 Gbps, share=99.6309%
Competitive JFI: 0.503705

=== Raw Bandwidth Share (total bytes, for reference) ===
NSCC:  0.369106%
Cubic: 99.6309%

=== Jain's Fairness Index (per-flow) ===
Jain's Fairness Index (all flows): 0.503705
